<?xml version="1.0" encoding="UTF-8"?>
<!-- Generated by org.testng.reporters.JUnitReportReporter -->
<testsuite hostname="LAPTOP-OSFHCDRS" failures="0" tests="1" name="demosamples.demotest" time="0.015" errors="0" timestamp="2024-02-27T12:23:55 IST" skipped="0">
  <testcase classname="demosamples.demotest" name="f" time="0.015"/>
  <system-out/>
</testsuite> <!-- demosamples.demotest -->
